<?xml version="1.0" encoding="UTF-8" ?>
<testsuite tests="2" failures="0" name="org.acme.getting.started.testing.TicketResourceTest" time="4.763" errors="0" skipped="0">
  <properties>
[...]
</properties>
  <testcase classname="org.acme.getting.started.testing.TicketResourceTest" name="org.acme.getting.started.testing.TicketResourceTest.testShowTicket1" time="4.679"/>
  <testcase classname="org.acme.getting.started.testing.TicketResourceTest" name="org.acme.getting.started.testing.TicketResourceTest.testShowTicket2" time="0.084"/>
</testsuite>